DEBUG:root:This message should go to the log file
INFO:root:So should this
WARNING:root:And this, too
ERROR:root:And non-ASCII stuff, too, like Øresund and Malmö
ERROR:mfrc522Logger:AUTH ERROR!!
ERROR:mfrc522Logger:AUTH ERROR(status2reg & 0x08) != 0
ERROR:mfrc522Logger:AUTH ERROR!!
ERROR:mfrc522Logger:AUTH ERROR(status2reg & 0x08) != 0
ERROR:mfrc522Logger:AUTH ERROR!!
ERROR:mfrc522Logger:AUTH ERROR(status2reg & 0x08) != 0
ERROR:mfrc522Logger:AUTH ERROR!!
ERROR:mfrc522Logger:AUTH ERROR(status2reg & 0x08) != 0
ERROR:root:Keyboard Interrupt handling
DEBUG:root:This message should go to the log file
INFO:root:So should this
WARNING:root:And this, too
ERROR:root:And non-ASCII stuff, too, like Øresund and Malmö
ERROR:root:Keyboard Interrupt handling
ERROR:root:Keyboard Interrupt handling
ERROR:root:Keyboard Interrupt handling
ERROR:root:Keyboard Interrupt handling
ERROR:root:Keyboard Interrupt handling
ERROR:root:Keyboard Interrupt handling
ERROR:root:Keyboard Interrupt handling
ERROR:root:Keyboard Interrupt handling
INFO:root:Trying...
INFO:root:Starting update count
INFO:root: UPDATE KAFFEELISTE              SET COFFEES = ?              WHERE ID = ?
INFO:root:(2, 12)
INFO:root:Using connection
INFO:root:Execution done
INFO:root:Count updated in main
INFO:root:Trying...
INFO:root:Starting update count
INFO:root: UPDATE KAFFEELISTE              SET COFFEES = ?              WHERE ID = ?
INFO:root:(3, 12)
INFO:root:Using connection
INFO:root:Execution done
INFO:root:Count updated in main
INFO:root:Trying...
INFO:root:Starting update count
INFO:root: UPDATE KAFFEELISTE              SET COFFEES = ?              WHERE ID = ?
INFO:root:(4, 12)
INFO:root:Using connection
INFO:root:Execution done
INFO:root:Count updated in main
INFO:root:Trying...
INFO:root:Starting update count
INFO:root: UPDATE KAFFEELISTE              SET COFFEES = ?              WHERE ID = ?
INFO:root:(5, 12)
INFO:root:Using connection
INFO:root:Execution done
INFO:root:Count updated in main
INFO:root:Trying...
INFO:root:Starting update count
INFO:root: UPDATE KAFFEELISTE              SET COFFEES = ?              WHERE ID = ?
INFO:root:(6, 12)
INFO:root:Using connection
INFO:root:Execution done
INFO:root:Count updated in main
INFO:root:Trying...
INFO:root:Starting update count
INFO:root: UPDATE KAFFEELISTE              SET COFFEES = ?              WHERE ID = ?
INFO:root:(7, 12)
INFO:root:Using connection
INFO:root:Execution done
INFO:root:Count updated in main
INFO:root:Trying...
INFO:root:Starting update count
INFO:root: UPDATE KAFFEELISTE              SET COFFEES = ?              WHERE ID = ?
INFO:root:(8, 12)
INFO:root:Using connection
INFO:root:Execution done
INFO:root:Count updated in main
INFO:root:Trying...
INFO:root:Starting update count
INFO:root: UPDATE KAFFEELISTE              SET COFFEES = ?              WHERE ID = ?
INFO:root:(9, 12)
INFO:root:Using connection
INFO:root:Execution done
INFO:root:Count updated in main
INFO:root:Trying...
INFO:root:Starting update count
INFO:root: UPDATE KAFFEELISTE              SET COFFEES = ?              WHERE ID = ?
INFO:root:(10, 12)
INFO:root:Using connection
INFO:root:Execution done
INFO:root:Count updated in main
INFO:root:Trying...
INFO:root:Starting update count
INFO:root: UPDATE KAFFEELISTE              SET COFFEES = ?              WHERE ID = ?
INFO:root:(11, 12)
INFO:root:Using connection
INFO:root:Execution done
INFO:root:Count updated in main
INFO:root:Trying...
INFO:root:Starting update count
INFO:root: UPDATE KAFFEELISTE              SET COFFEES = ?              WHERE ID = ?
INFO:root:(12, 12)
INFO:root:Using connection
INFO:root:Execution done
INFO:root:Count updated in main
INFO:root:Trying...
INFO:root:Starting update count
INFO:root: UPDATE KAFFEELISTE              SET COFFEES = ?              WHERE ID = ?
INFO:root:(13, 12)
INFO:root:Using connection
INFO:root:Execution done
INFO:root:Count updated in main
INFO:root:Trying...
INFO:root:Starting update count
INFO:root: UPDATE KAFFEELISTE              SET COFFEES = ?              WHERE ID = ?
INFO:root:(14, 12)
INFO:root:Using connection
INFO:root:Execution done
INFO:root:Count updated in main
INFO:root:Trying...
INFO:root:Starting update count
INFO:root: UPDATE KAFFEELISTE              SET COFFEES = ?              WHERE ID = ?
INFO:root:(15, 12)
INFO:root:Using connection
INFO:root:Execution done
INFO:root:Count updated in main
INFO:root:Trying...
INFO:root:Starting update count
INFO:root: UPDATE KAFFEELISTE              SET COFFEES = ?              WHERE ID = ?
INFO:root:(16, 12)
INFO:root:Using connection
INFO:root:Execution done
INFO:root:Count updated in main
INFO:root:Trying...
INFO:root:Starting update count
INFO:root: UPDATE KAFFEELISTE              SET COFFEES = ?              WHERE ID = ?
INFO:root:(17, 12)
INFO:root:Using connection
INFO:root:Execution done
INFO:root:Count updated in main
INFO:root:Trying...
INFO:root:Starting update count
INFO:root: UPDATE KAFFEELISTE              SET COFFEES = ?              WHERE ID = ?
INFO:root:(18, 12)
INFO:root:Using connection
INFO:root:Execution done
INFO:root:Count updated in main
INFO:root:Trying...
INFO:root:Starting update count
INFO:root: UPDATE KAFFEELISTE              SET COFFEES = ?              WHERE ID = ?
INFO:root:(19, 12)
INFO:root:Using connection
INFO:root:Execution done
INFO:root:Count updated in main
INFO:root:Trying...
INFO:root:Starting update count
INFO:root: UPDATE KAFFEELISTE              SET COFFEES = ?              WHERE ID = ?
INFO:root:(20, 12)
INFO:root:Using connection
INFO:root:Execution done
INFO:root:Count updated in main
INFO:root:Trying...
INFO:root:Starting update count
INFO:root: UPDATE KAFFEELISTE              SET COFFEES = ?              WHERE ID = ?
INFO:root:(21, 12)
INFO:root:Using connection
INFO:root:Execution done
INFO:root:Count updated in main
INFO:root:Trying...
INFO:root:Starting update count
INFO:root: UPDATE KAFFEELISTE              SET COFFEES = ?              WHERE ID = ?
INFO:root:(22, 12)
INFO:root:Using connection
INFO:root:Execution done
INFO:root:Count updated in main
INFO:root:Trying...
INFO:root:Starting update count
INFO:root: UPDATE KAFFEELISTE              SET COFFEES = ?              WHERE ID = ?
INFO:root:(23, 12)
INFO:root:Using connection
INFO:root:Execution done
INFO:root:Count updated in main
INFO:root:Trying...
INFO:root:Starting update count
INFO:root: UPDATE KAFFEELISTE              SET COFFEES = ?              WHERE ID = ?
INFO:root:(24, 12)
INFO:root:Using connection
INFO:root:Execution done
INFO:root:Count updated in main
INFO:root:Trying...
INFO:root:Starting update count
INFO:root: UPDATE KAFFEELISTE              SET COFFEES = ?              WHERE ID = ?
INFO:root:(25, 12)
INFO:root:Using connection
INFO:root:Execution done
INFO:root:Count updated in main
INFO:root:Trying...
INFO:root:Starting update count
INFO:root: UPDATE KAFFEELISTE              SET COFFEES = ?              WHERE ID = ?
INFO:root:(26, 12)
INFO:root:Using connection
INFO:root:Execution done
INFO:root:Count updated in main
INFO:root:Trying...
INFO:root:Starting update count
INFO:root: UPDATE KAFFEELISTE              SET COFFEES = ?              WHERE ID = ?
INFO:root:(27, 12)
INFO:root:Using connection
INFO:root:Execution done
INFO:root:Count updated in main
INFO:root:Trying...
INFO:root:Starting update count
INFO:root: UPDATE KAFFEELISTE              SET COFFEES = ?              WHERE ID = ?
INFO:root:(28, 12)
INFO:root:Using connection
INFO:root:Execution done
INFO:root:Count updated in main
ERROR:root:Keyboard Interrupt handling
ERROR:root:Keyboard Interrupt handling
ERROR:root:Keyboard Interrupt handling
ERROR:root:Keyboard Interrupt handling
ERROR:root:Keyboard Interrupt handling
ERROR:root:Keyboard Interrupt handling
INFO:root:Starting update count
INFO:root: UPDATE KAFFEELISTE              SET COFFEES = ?              WHERE ID = ?
INFO:root:(10, 1)
INFO:root:Using connection
INFO:root:Execution done
INFO:root:Starting update count
INFO:root: UPDATE KAFFEELISTE              SET COFFEES = ?              WHERE ID = ?
INFO:root:(11, 1)
INFO:root:Using connection
INFO:root:Execution done
INFO:root:Starting update count
INFO:root: UPDATE KAFFEELISTE              SET COFFEES = ?              WHERE ID = ?
INFO:root:(12, 1)
INFO:root:Using connection
INFO:root:Execution done
ERROR:root:Keyboard Interrupt handling
ERROR:root:Keyboard Interrupt handling
INFO:root:Starting update count
INFO:root: UPDATE KAFFEELISTE              SET COFFEES = ?              WHERE ID = ?
INFO:root:(13, 1)
INFO:root:Using connection
INFO:root:Execution done
INFO:root:Starting update count
INFO:root: UPDATE KAFFEELISTE              SET COFFEES = ?              WHERE ID = ?
INFO:root:(14, 1)
INFO:root:Using connection
INFO:root:Execution done
INFO:root:Starting update count
INFO:root: UPDATE KAFFEELISTE              SET COFFEES = ?              WHERE ID = ?
INFO:root:(15, 1)
INFO:root:Using connection
INFO:root:Execution done
INFO:root:Starting update count
INFO:root: UPDATE KAFFEELISTE              SET COFFEES = ?              WHERE ID = ?
INFO:root:(16, 1)
INFO:root:Using connection
INFO:root:Execution done
ERROR:root:Keyboard Interrupt handling
INFO:root:Starting update count
INFO:root: UPDATE KAFFEELISTE              SET COFFEES = ?              WHERE ID = ?
INFO:root:(17, 1)
INFO:root:Using connection
INFO:root:Execution done
INFO:root:Starting update count
INFO:root: UPDATE KAFFEELISTE              SET COFFEES = ?              WHERE ID = ?
INFO:root:(18, 1)
INFO:root:Using connection
INFO:root:Execution done
INFO:root:Starting update count
INFO:root: UPDATE KAFFEELISTE              SET COFFEES = ?              WHERE ID = ?
INFO:root:(19, 1)
INFO:root:Using connection
INFO:root:Execution done
INFO:root:Starting update count
INFO:root: UPDATE KAFFEELISTE              SET COFFEES = ?              WHERE ID = ?
INFO:root:(20, 1)
INFO:root:Using connection
INFO:root:Execution done
ERROR:root:Keyboard Interrupt handling
INFO:root:Starting update count
INFO:root: UPDATE KAFFEELISTE              SET COFFEES = ?              WHERE ID = ?
INFO:root:(21, 1)
INFO:root:Using connection
INFO:root:Execution done
INFO:root:Starting update count
INFO:root: UPDATE KAFFEELISTE              SET COFFEES = ?              WHERE ID = ?
INFO:root:(22, 1)
INFO:root:Using connection
INFO:root:Execution done
INFO:root:Starting update count
INFO:root: UPDATE KAFFEELISTE              SET COFFEES = ?              WHERE ID = ?
INFO:root:(23, 1)
INFO:root:Using connection
INFO:root:Execution done
INFO:root:Starting update count
INFO:root: UPDATE KAFFEELISTE              SET COFFEES = ?              WHERE ID = ?
INFO:root:(24, 1)
INFO:root:Using connection
INFO:root:Execution done
INFO:root:Starting update count
INFO:root: UPDATE KAFFEELISTE              SET COFFEES = ?              WHERE ID = ?
INFO:root:(25, 1)
INFO:root:Using connection
INFO:root:Execution done
ERROR:root:Keyboard Interrupt handling
ERROR:root:Keyboard Interrupt handling
ERROR:root:Keyboard Interrupt handling
ERROR:root:Keyboard Interrupt handling
INFO:root:Trying...
INFO:root:Starting update count
INFO:root: UPDATE KAFFEELISTE              SET COFFEES = ?              WHERE ID = ?
INFO:root:(5, 2)
INFO:root:Using connection
INFO:root:Execution done
INFO:root:Count updated in main
INFO:root:Trying...
INFO:root:Starting update count
INFO:root: UPDATE KAFFEELISTE              SET COFFEES = ?              WHERE ID = ?
INFO:root:(6, 2)
INFO:root:Using connection
INFO:root:Execution done
INFO:root:Count updated in main
INFO:root:Trying...
INFO:root:Starting update count
INFO:root: UPDATE KAFFEELISTE              SET COFFEES = ?              WHERE ID = ?
INFO:root:(7, 2)
INFO:root:Using connection
INFO:root:Execution done
INFO:root:Count updated in main
INFO:root:Trying...
INFO:root:Starting update count
INFO:root: UPDATE KAFFEELISTE              SET COFFEES = ?              WHERE ID = ?
INFO:root:(8, 2)
INFO:root:Using connection
INFO:root:Execution done
INFO:root:Count updated in main
INFO:root:Trying...
INFO:root:Starting update count
INFO:root: UPDATE KAFFEELISTE              SET COFFEES = ?              WHERE ID = ?
INFO:root:(9, 2)
INFO:root:Using connection
INFO:root:Execution done
INFO:root:Count updated in main
INFO:root:Trying...
INFO:root:Starting update count
INFO:root: UPDATE KAFFEELISTE              SET COFFEES = ?              WHERE ID = ?
INFO:root:(10, 2)
INFO:root:Using connection
INFO:root:Execution done
INFO:root:Count updated in main
INFO:root:Trying...
INFO:root:Starting update count
INFO:root: UPDATE KAFFEELISTE              SET COFFEES = ?              WHERE ID = ?
INFO:root:(11, 2)
INFO:root:Using connection
INFO:root:Execution done
INFO:root:Count updated in main
INFO:root:Trying...
INFO:root:Starting update count
INFO:root: UPDATE KAFFEELISTE              SET COFFEES = ?              WHERE ID = ?
INFO:root:(12, 2)
INFO:root:Using connection
INFO:root:Execution done
INFO:root:Count updated in main
ERROR:mfrc522Logger:Error while reading!
ERROR:mfrc522Logger:Error while reading!
INFO:root:Trying...
INFO:root:Starting update count
INFO:root: UPDATE KAFFEELISTE              SET COFFEES = ?              WHERE ID = ?
INFO:root:(13, 2)
INFO:root:Using connection
INFO:root:Execution done
INFO:root:Count updated in main
ERROR:root:Keyboard Interrupt handling
INFO:root:Trying...
INFO:root:Starting update count
INFO:root: UPDATE KAFFEELISTE              SET COFFEES = ?              WHERE ID = ?
INFO:root:(14, 2)
INFO:root:Using connection
INFO:root:Execution done
INFO:root:Count updated in main
ERROR:root:Keyboard Interrupt handling
INFO:root:Starting update count
INFO:root: UPDATE KAFFEELISTE              SET COFFEES = ?              WHERE ID = ?
INFO:root:(26, 1)
INFO:root:Using connection
INFO:root:Execution done
INFO:root:Starting update count
INFO:root: UPDATE KAFFEELISTE              SET COFFEES = ?              WHERE ID = ?
INFO:root:(15, 2)
INFO:root:Using connection
INFO:root:Execution done
INFO:root:Starting update count
INFO:root: UPDATE KAFFEELISTE              SET COFFEES = ?              WHERE ID = ?
INFO:root:(27, 1)
INFO:root:Using connection
INFO:root:Execution done
INFO:root:Starting update count
INFO:root: UPDATE KAFFEELISTE              SET COFFEES = ?              WHERE ID = ?
INFO:root:(28, 1)
INFO:root:Using connection
INFO:root:Execution done
INFO:root:Starting update count
INFO:root: UPDATE KAFFEELISTE              SET COFFEES = ?              WHERE ID = ?
INFO:root:(29, 1)
INFO:root:Using connection
INFO:root:Execution done
INFO:root:Starting update count
INFO:root: UPDATE KAFFEELISTE              SET COFFEES = ?              WHERE ID = ?
INFO:root:(16, 2)
INFO:root:Using connection
INFO:root:Execution done
INFO:root:Starting update count
INFO:root: UPDATE KAFFEELISTE              SET COFFEES = ?              WHERE ID = ?
INFO:root:(17, 2)
INFO:root:Using connection
INFO:root:Execution done
INFO:root:Starting update count
INFO:root: UPDATE KAFFEELISTE              SET COFFEES = ?              WHERE ID = ?
INFO:root:(18, 2)
INFO:root:Using connection
INFO:root:Execution done
INFO:root:Starting update count
INFO:root: UPDATE KAFFEELISTE              SET COFFEES = ?              WHERE ID = ?
INFO:root:(30, 1)
INFO:root:Using connection
INFO:root:Execution done
INFO:root:Starting update count
INFO:root: UPDATE KAFFEELISTE              SET COFFEES = ?              WHERE ID = ?
INFO:root:(19, 2)
INFO:root:Using connection
INFO:root:Execution done
INFO:root:Starting update count
INFO:root: UPDATE KAFFEELISTE              SET COFFEES = ?              WHERE ID = ?
INFO:root:(31, 1)
INFO:root:Using connection
INFO:root:Execution done
INFO:root:Starting update count
INFO:root: UPDATE KAFFEELISTE              SET COFFEES = ?              WHERE ID = ?
INFO:root:(32, 1)
INFO:root:Using connection
INFO:root:Execution done
INFO:root:Starting update count
INFO:root: UPDATE KAFFEELISTE              SET COFFEES = ?              WHERE ID = ?
INFO:root:(33, 1)
INFO:root:Using connection
INFO:root:Execution done
INFO:root:Starting update count
INFO:root: UPDATE KAFFEELISTE              SET COFFEES = ?              WHERE ID = ?
INFO:root:(20, 2)
INFO:root:Using connection
INFO:root:Execution done
INFO:root:Starting update count
INFO:root: UPDATE KAFFEELISTE              SET COFFEES = ?              WHERE ID = ?
INFO:root:(34, 1)
INFO:root:Using connection
INFO:root:Execution done
ERROR:root:Keyboard Interrupt handling
